<?xml version="1.0" encoding="UTF-8"?>
<!-- Generated by org.testng.reporters.JUnitXMLReporter -->
<testsuite ignored="0" hostname="LAPTOP-8U42480U" failures="6" tests="16" name="Test" time="31.128" errors="0" timestamp="2025-09-17T13:44:14 IST">
  <testcase classname="api.testcases.UserTest" name="testCreateUser" time="4.756"/>
  <testcase classname="api.testcases.UserTest" name="testGetUser" time="1.733">
    <failure type="java.lang.AssertionError" message="expected [200] but found [404]">
      <![CDATA[java.lang.AssertionError: expected [200] but found [404]
at api.testcases.UserTest.testGetUser(UserTest.java:60)
at java.base/java.util.ArrayList.forEach(ArrayList.java:1596)
... Removed 32 stack frames]]>
    </failure>
  </testcase> <!-- testGetUser -->
  <testcase classname="api.testcases.UserTest" name="testUpdateUser" time="1.413">
    <failure type="java.lang.AssertionError" message="expected [200] but found [404]">
      <![CDATA[java.lang.AssertionError: expected [200] but found [404]
at api.testcases.UserTest.testUpdateUser(UserTest.java:73)
at java.base/java.util.ArrayList.forEach(ArrayList.java:1596)
... Removed 32 stack frames]]>
    </failure>
  </testcase> <!-- testUpdateUser -->
  <testcase classname="api.testcases.UserTest" name="testDeleteUser" time="1.286"/>
  <testcase classname="api.testcases.UserTestDD" name="testCreateUser" time="1.606"/>
  <testcase classname="api.testcases.UserTestDD" name="testCreateUser" time="1.596"/>
  <testcase classname="api.testcases.UserTestDD" name="testCreateUser" time="1.438"/>
  <testcase classname="api.testcases.UserTestDD" name="testCreateUser" time="1.277"/>
  <testcase classname="api.testcases.UserTestDD" name="testGetUserData" time="1.553">
    <failure type="java.lang.AssertionError" message="expected [200] but found [404]">
      <![CDATA[java.lang.AssertionError: expected [200] but found [404]
at api.testcases.UserTestDD.testGetUserData(UserTestDD.java:74)
at java.base/java.util.ArrayList.forEach(ArrayList.java:1596)
... Removed 32 stack frames]]>
    </failure>
  </testcase> <!-- testGetUserData -->
  <testcase classname="api.testcases.UserTestDD" name="testGetUserData" time="1.516">
    <failure type="java.lang.AssertionError" message="expected [200] but found [404]">
      <![CDATA[java.lang.AssertionError: expected [200] but found [404]
at api.testcases.UserTestDD.testGetUserData(UserTestDD.java:74)
at java.base/java.util.ArrayList.forEach(ArrayList.java:1596)
... Removed 32 stack frames]]>
    </failure>
  </testcase> <!-- testGetUserData -->
  <testcase classname="api.testcases.UserTestDD" name="testGetUserData" time="1.595"/>
  <testcase classname="api.testcases.UserTestDD" name="testGetUserData" time="1.599"/>
  <testcase classname="api.testcases.UserTestDD" name="testDeleteUser" time="1.572">
    <failure type="java.lang.AssertionError" message="expected [200] but found [404]">
      <![CDATA[java.lang.AssertionError: expected [200] but found [404]
at api.testcases.UserTestDD.testDeleteUser(UserTestDD.java:55)
at java.base/java.util.ArrayList.forEach(ArrayList.java:1596)
... Removed 32 stack frames]]>
    </failure>
  </testcase> <!-- testDeleteUser -->
  <testcase classname="api.testcases.UserTestDD" name="testDeleteUser" time="1.673"/>
  <testcase classname="api.testcases.UserTestDD" name="testDeleteUser" time="1.558"/>
  <testcase classname="api.testcases.UserTestDD" name="testDeleteUser" time="1.318">
    <failure type="java.lang.AssertionError" message="expected [200] but found [404]">
      <![CDATA[java.lang.AssertionError: expected [200] but found [404]
at api.testcases.UserTestDD.testDeleteUser(UserTestDD.java:55)
at java.base/java.util.ArrayList.forEach(ArrayList.java:1596)
... Removed 32 stack frames]]>
    </failure>
  </testcase> <!-- testDeleteUser -->
</testsuite> <!-- Test -->
